<?xml version="1.0" encoding="UTF-8"?>
<!-- Generated by org.testng.reporters.JUnitXMLReporter -->
<testsuite ignored="1" hostname="LAPTOP-L2V0IT8U" failures="1" tests="3" name="Test" time="42.094" errors="0" timestamp="2023-01-17T18:53:04 IST">
  <testcase classname="tests.HomeTest" name="logout" time="8.92"/>
  <testcase classname="tests.LoginTest" name="verifyPageTitle" time="0.015">
    <failure type="java.lang.AssertionError" message="Page Titledoes not match expected [false] but found [true]">
      <![CDATA[java.lang.AssertionError: Page Titledoes not match expected [false] but found [true]
at tests.LoginTest.verifyPageTitle(LoginTest.java:39)
at java.base/java.util.ArrayList.forEach(ArrayList.java:1511)
... Removed 28 stack frames]]>
    </failure>
  </testcase> <!-- verifyPageTitle -->
  <testcase classname="tests.LoginTest" name="login" time="0.835"/>
  <testcase classname="tests.BaseTest" name="@BeforeSuite initilization" time="0.0">
    <ignored/>
  </testcase> <!-- @BeforeSuite initilization -->
</testsuite> <!-- Test -->
